Сборка начата 11.11.2023 22:45:49.
Уровень детализации журнала: Normal.     1>Проект "C:\Users\user\Desktop\VS\опи\lab8,1\lab8,1\lab8,1.vcxproj" в узле 2 (целевые объекты Build).
     1>InitializeBuildStatus:
         Создание "x64\Debug\lab8,1.tlog\unsuccessfulbuild", так как было задано "AlwaysCreate".
         Обращение к "x64\Debug\lab8,1.tlog\unsuccessfulbuild".
       ClCompile:
         C:\Program Files\Microsoft Visual Studio\2022\Community\VC\Tools\MSVC\14.37.32822\bin\HostX64\x64\CL.exe /c /ZI /JMC /nologo /W3 /WX- /diagnostics:column /sdl /Od /D _DEBUG /D _CONSOLE /D _UNICODE /D UNICODE /Gm- /EHsc /RTC1 /MDd /GS /fp:precise /Zc:wchar_t /Zc:forScope /Zc:inline /permissive- /Fo"x64\Debug\\" /Fd"x64\Debug\vc143.pdb" /external:W3 /Gd /TP /FC /errorReport:prompt "lab8,1.cpp"
         lab8,1.cpp
       Link:
         C:\Program Files\Microsoft Visual Studio\2022\Community\VC\Tools\MSVC\14.37.32822\bin\HostX64\x64\link.exe /ERRORREPORT:PROMPT /OUT:"C:\Users\user\Desktop\VS\опи\lab8,1\x64\Debug\lab8,1.exe" /INCREMENTAL /ILK:"x64\Debug\lab8,1.ilk" /NOLOGO kernel32.lib user32.lib gdi32.lib winspool.lib comdlg32.lib advapi32.lib shell32.lib ole32.lib oleaut32.lib uuid.lib odbc32.lib odbccp32.lib /MANIFEST /MANIFESTUAC:"level='asInvoker' uiAccess='false'" /manifest:embed /DEBUG /PDB:"C:\Users\user\Desktop\VS\опи\lab8,1\x64\Debug\lab8,1.pdb" /SUBSYSTEM:CONSOLE /TLBID:1 /DYNAMICBASE /NXCOMPAT /IMPLIB:"C:\Users\user\Desktop\VS\опи\lab8,1\x64\Debug\lab8,1.lib" /MACHINE:X64 x64\Debug\file_mul.obj
         x64\Debug\file_sum.obj
         "x64\Debug\lab8,1.obj"
         lab8,1.vcxproj -> C:\Users\user\Desktop\VS\опи\lab8,1\x64\Debug\lab8,1.exe
       FinalizeBuildStatus:
         Файл "x64\Debug\lab8,1.tlog\unsuccessfulbuild" удаляется.
         Обращение к "x64\Debug\lab8,1.tlog\lab8,1.lastbuildstate".
     1>Сборка проекта "C:\Users\user\Desktop\VS\опи\lab8,1\lab8,1\lab8,1.vcxproj" завершена (целевые объекты Build).

Сборка успешно завершена.
    Предупреждений: 0
    Ошибок: 0

Прошло времени 00:00:02.28
